{"level":"debug","message":"El usuario erick@gmail.com, creó un nuevo aviso bajo el titulo de ultimo","timestamp":"2023-04-15T14:23:53.482Z"}
{"level":"debug","message":"El usuario erick@gmail.com, eliminó un aviso bajo el ID de 64375ae6fcc34373b6dd83ad","timestamp":"2023-04-15T14:29:40.071Z"}
{"level":"debug","message":"El usuario undefined, creó un nuevo aviso bajo el titulo de test3","timestamp":"2023-04-15T15:38:34.127Z"}
{"level":"debug","message":"El usuario undefined, creó un nuevo aviso bajo el titulo de test 2","timestamp":"2023-04-15T15:39:24.563Z"}
{"level":"debug","message":"El usuario undefined, creó un nuevo aviso bajo el titulo de test1","timestamp":"2023-04-15T15:39:40.734Z"}
{"level":"debug","message":"El usuario undefined, eliminó un aviso bajo el ID de 642b608e80dfa63228a0f070","timestamp":"2023-04-15T15:57:33.682Z"}
{"level":"debug","message":"El usuario undefined, eliminó un aviso bajo el ID de 6412250e84ec2c2d814bb327","timestamp":"2023-04-15T15:57:44.189Z"}
{"level":"debug","message":"El usuario undefined, eliminó un aviso bajo el ID de 642b63618b9d473d1c344553","timestamp":"2023-04-15T15:57:47.089Z"}
{"level":"debug","message":"El usuario undefined, eliminó un aviso bajo el ID de 642b64108b9d473d1c34455e","timestamp":"2023-04-15T15:57:51.770Z"}
{"level":"debug","message":"El usuario undefined, eliminó un aviso bajo el ID de 643ab3790d8f09633d66027d","timestamp":"2023-04-15T15:57:56.841Z"}
{"level":"debug","message":"El usuario undefined, creó un nuevo aviso bajo el titulo de Clases suspendidas","timestamp":"2023-04-15T16:08:48.956Z"}
{"level":"debug","message":"El usuario undefined, creó un nuevo aviso bajo el titulo de Merienda Compartida","timestamp":"2023-04-15T16:10:37.378Z"}
{"level":"debug","message":"El usuario erick@gmail.com, creó un nuevo aviso bajo el titulo de prueba tamaño 1","timestamp":"2023-04-15T16:29:47.042Z"}
{"level":"debug","message":"erick@gmail.com creó un nuevo usuario con el siguiente correo: TESTING","timestamp":"2023-04-17T15:51:06.465Z"}
{"level":"debug","message":"erick@gmail.com creó un nuevo usuario con el siguiente correo: t@gmail.com","timestamp":"2023-04-17T16:00:38.564Z"}
{"level":"debug","message":"erick@gmail.com creó un nuevo usuario con el siguiente correo: sa@gmail.com","timestamp":"2023-04-17T16:35:53.570Z"}
{"level":"debug","message":"erick@gmail.com creó un nuevo usuario con el siguiente correo: aLERT@gmail.com","timestamp":"2023-04-17T16:37:45.889Z"}
{"level":"debug","message":"undefined creó un nuevo usuario con el siguiente correo: q@gmail.com","timestamp":"2023-04-17T17:28:05.707Z"}
{"level":"debug","message":"El usuario undefined, creó un nuevo aviso bajo el titulo de hola","timestamp":"2023-04-17T17:29:58.994Z"}
{"level":"debug","message":"El usuario undefined, eliminó un aviso bajo el ID de 643ac4f90a6a84082535533c","timestamp":"2023-04-17T17:30:36.195Z"}
{"level":"debug","message":"erick@gmail.com creó un nuevo usuario con el siguiente correo: d@gmail.com","timestamp":"2023-04-17T17:35:27.269Z"}
{"level":"debug","message":"erick@gmail.com creó un nuevo usuario con el siguiente correo: h@gmail.com","timestamp":"2023-04-17T17:38:17.449Z"}
{"level":"debug","message":"erick@gmail.com actualizó datos del usuario con el siguiente correo: chux@gmail.com","timestamp":"2023-04-17T17:38:55.455Z"}
{"level":"debug","message":"undefined actualizó datos del usuario con el siguiente correo: chux@gmail.com","timestamp":"2023-04-17T20:05:20.043Z"}
{"level":"debug","message":"undefined actualizó datos del usuario con el siguiente correo: bitacoraAccion@gmail.com","timestamp":"2023-04-17T20:08:56.975Z"}
{"level":"debug","message":"undefined actualizó datos del usuario con el siguiente correo: chux@gmail.com","timestamp":"2023-04-17T20:09:07.302Z"}
{"level":"debug","message":"undefined actualizó datos del usuario con el siguiente correo: chux@gmail.com","timestamp":"2023-04-17T22:00:50.453Z"}
{"level":"debug","message":"undefined actualizó datos del usuario con el siguiente correo: chux@gmail.com","timestamp":"2023-04-17T22:00:56.381Z"}
{"level":"debug","message":"undefined actualizó datos del usuario con el siguiente correo: chux@gmail.com","timestamp":"2023-04-17T22:01:40.156Z"}
{"level":"debug","message":"undefined actualizó datos del usuario con el siguiente correo: chux@gmail.com","timestamp":"2023-04-17T22:07:09.042Z"}
{"level":"debug","message":"undefined creó un nuevo usuario con el siguiente correo: w@s.com","timestamp":"2023-04-18T03:36:24.058Z"}
{"level":"debug","message":"undefined actualizó datos del usuario con el siguiente correo: w@s.com","timestamp":"2023-04-18T03:39:34.108Z"}
{"level":"debug","message":"undefined actualizó datos del usuario con el siguiente correo: chux@gmail.com","timestamp":"2023-04-18T03:41:00.374Z"}
{"level":"debug","message":"undefined actualizó datos del usuario con el siguiente correo: chux@gmail.com","timestamp":"2023-04-18T03:43:13.843Z"}
{"level":"debug","message":"undefined actualizó datos del usuario con el siguiente correo: chux@gmail.com","timestamp":"2023-04-18T03:43:41.406Z"}
{"level":"debug","message":"undefined actualizó datos del usuario con el siguiente correo: chux@gmail.com","timestamp":"2023-04-18T03:44:03.707Z"}
{"level":"debug","message":"undefined actualizó datos del usuario con el siguiente correo: chux@gmail.com","timestamp":"2023-04-18T03:45:39.398Z"}
{"level":"debug","message":"undefined actualizó datos del usuario con el siguiente correo: chux@gmail.com","timestamp":"2023-04-18T04:05:26.495Z"}
{"level":"debug","message":"yuliana.jimenez95@hotmail.com actualizó datos del usuario con el siguiente correo: chux@gmail.com","timestamp":"2023-04-18T13:59:23.218Z"}
{"level":"debug","message":"yuliana.jimenez95@hotmail.com actualizó datos del usuario con el siguiente correo: chux@gmail.com","timestamp":"2023-04-18T14:02:15.499Z"}
{"level":"debug","message":"yuliana.jimenez95@hotmail.com actualizó datos del usuario con el siguiente correo: encargado2@gmail.com","timestamp":"2023-04-18T14:12:56.199Z"}
{"level":"debug","message":"yuliana.jimenez95@hotmail.com actualizó datos del usuario con el siguiente correo: encargado2@gmail.com","timestamp":"2023-04-18T14:13:08.919Z"}
{"level":"debug","message":"yuliana.jimenez95@hotmail.com actualizó datos del usuario con el siguiente correo: encargado2@gmail.com","timestamp":"2023-04-18T14:13:22.585Z"}
{"level":"debug","message":"yuliana.jimenez95@hotmail.com actualizó datos del usuario con el siguiente correo: chux@gmail.com","timestamp":"2023-04-18T14:15:48.537Z"}
{"level":"debug","message":"yuliana.jimenez95@hotmail.com actualizó datos del usuario con el siguiente correo: chux@gmail.com","timestamp":"2023-04-18T14:27:59.645Z"}
{"level":"debug","message":"yuliana.jimenez95@hotmail.com actualizó datos del usuario con el siguiente correo: chux@gmail.com","timestamp":"2023-04-18T14:57:11.199Z"}
{"level":"debug","message":"yuliana.jimenez95@hotmail.com actualizó datos del usuario con el siguiente correo: chux@gmail.com","timestamp":"2023-04-18T15:39:11.715Z"}
{"level":"debug","message":"yuliana.jimenez95@hotmail.com actualizó datos del usuario con el siguiente correo: chux@gmail.com","timestamp":"2023-04-18T15:42:50.695Z"}
{"level":"debug","message":"yuliana.jimenez95@hotmail.com actualizó datos del usuario con el siguiente correo: chux@gmail.com","timestamp":"2023-04-18T15:47:02.708Z"}
{"level":"debug","message":"yuliana.jimenez95@hotmail.com actualizó datos del usuario con el siguiente correo: chux@gmail.com","timestamp":"2023-04-18T15:47:18.228Z"}
{"level":"debug","message":"yuliana.jimenez95@hotmail.com actualizó datos del usuario con el siguiente correo: chux@gmail.com","timestamp":"2023-04-18T15:48:11.069Z"}
{"level":"debug","message":"yuliana.jimenez95@hotmail.com creó un nuevo usuario con el siguiente correo: profe@gmail.com","timestamp":"2023-04-18T15:49:13.056Z"}
{"level":"debug","message":"yuliana.jimenez95@hotmail.com creó un nuevo usuario con el siguiente correo: profe@gmial.com","timestamp":"2023-04-18T15:53:11.312Z"}
{"level":"debug","message":"yuliana.jimenez95@hotmail.com actualizó datos del usuario con el siguiente correo: profe@gmial.com","timestamp":"2023-04-18T15:53:53.452Z"}
{"level":"debug","message":"yuliana.jimenez95@hotmail.com actualizó datos del usuario con el siguiente correo: profe@gmial.com","timestamp":"2023-04-18T15:54:11.122Z"}
{"level":"debug","message":"yuliana.jimenez95@hotmail.com actualizó datos del usuario con el siguiente correo: profe@gmial.com","timestamp":"2023-04-18T15:54:34.915Z"}
{"level":"debug","message":"yuliana.jimenez95@hotmail.com actualizó datos del usuario con el siguiente correo: chux@gmail.com","timestamp":"2023-04-18T15:59:17.049Z"}
{"level":"debug","message":"yuliana.jimenez95@hotmail.com actualizó datos del usuario con el siguiente correo: chux@gmail.com","timestamp":"2023-04-18T15:59:47.286Z"}
{"level":"debug","message":"yuliana.jimenez95@hotmail.com actualizó datos del usuario con el siguiente correo: chux@gmail.com","timestamp":"2023-04-18T16:00:08.648Z"}
{"level":"debug","message":"yuliana.jimenez95@hotmail.com actualizó datos del usuario con el siguiente correo: chux@gmail.com","timestamp":"2023-04-18T16:06:12.706Z"}
{"level":"debug","message":"yuliana.jimenez95@hotmail.com actualizó datos del usuario con el siguiente correo: chux@gmail.com","timestamp":"2023-04-18T16:06:40.089Z"}
